android/NightRunning/app/build/intermediates/manifest_merge_blame_file/debug/manifest-merger-blame-debug-report.txt
1<?xml version="1.0" encoding="utf-8"?>
2<manifest xmlns:android="http://schemas.android.com/apk/res/android"
3    package="com.kong.nightrunning"
4    android:versionCode="1"
5    android:versionName="1.0" >
6
7    <uses-sdk
8        android:minSdkVersion="24"
8-->src\main\AndroidManifest.xml
9        android:targetSdkVersion="29" />
9-->src\main\AndroidManifest.xml
10
11    <!-- 活动 -->
12    <application
12-->src\main\AndroidManifest.xml:5:5-30:19
13        android:allowBackup="true"
13-->src\main\AndroidManifest.xml:6:9-35
14        android:appComponentFactory="androidx.core.app.CoreComponentFactory"
14-->[androidx.core:core:1.1.0] AndroidManifest.xml:24:18-86
15        android:debuggable="true"
16        android:extractNativeLibs="false"
17        android:icon="@mipmap/ic_launcher"
17-->src\main\AndroidManifest.xml:7:9-43
18        android:label="@string/app_name"
18-->src\main\AndroidManifest.xml:8:9-41
19        android:roundIcon="@mipmap/ic_launcher_round"
19-->src\main\AndroidManifest.xml:9:9-54
20        android:supportsRtl="true"
20-->src\main\AndroidManifest.xml:10:9-35
21        android:testOnly="true"
22        android:theme="@style/AppTheme" >
22-->src\main\AndroidManifest.xml:11:9-40
23        <activity android:name="com.kong.nightrunning.PersonalCenterActivity" />
23-->src\main\AndroidManifest.xml:12:9-59
23-->src\main\AndroidManifest.xml:12:19-57
24        <activity android:name="com.kong.nightrunning.UserRegisteredActivity" />
24-->src\main\AndroidManifest.xml:13:9-60
24-->src\main\AndroidManifest.xml:13:19-57
25        <activity android:name="com.kong.nightrunning.UserLoginActivity" />
25-->src\main\AndroidManifest.xml:14:9-55
25-->src\main\AndroidManifest.xml:14:19-52
26        <activity android:name="com.kong.nightrunning.MainActivity" >
26-->src\main\AndroidManifest.xml:15:9-21:20
26-->src\main\AndroidManifest.xml:15:19-47
27            <intent-filter>
27-->src\main\AndroidManifest.xml:16:13-20:29
28                <action android:name="android.intent.action.MAIN" />
28-->src\main\AndroidManifest.xml:17:17-69
28-->src\main\AndroidManifest.xml:17:25-66
29
30                <category android:name="android.intent.category.LAUNCHER" />
30-->src\main\AndroidManifest.xml:19:17-77
30-->src\main\AndroidManifest.xml:19:27-74
31            </intent-filter>
32        </activity>
33        <!-- 服务 -->
34        <service android:name="com.kong.nightrunning.RecordStepNumberService" />
34-->src\main\AndroidManifest.xml:23:9-59
34-->src\main\AndroidManifest.xml:23:18-57
35        <!-- 广播,服务可能被杀死，所以在清单文件中注册 -->
36        <receiver android:name="com.kong.nightrunning.NightRunningBroadcastReceiver" >
36-->src\main\AndroidManifest.xml:25:9-29:20
36-->src\main\AndroidManifest.xml:25:19-64
37            <intent-filter>
37-->src\main\AndroidManifest.xml:26:13-28:29
38                <action android:name="android.intent.action.ACTION_SHUTDOWN" />
38-->src\main\AndroidManifest.xml:27:17-79
38-->src\main\AndroidManifest.xml:27:25-77
39            </intent-filter>
40        </receiver>
41    </application>
42
43</manifest>